2026-06-05 09:30:52,790 [INFO] Запуск VK турагентство бота...
2026-06-05 09:30:52,819 [INFO] База данных инициализирована: bot_data.db
2026-06-05 09:30:53,498 [INFO] Бот успешно запущен и слушает события.
2026-06-05 09:31:18,243 [INFO] Сообщение от 219537573: '🏖 Подобрать тур'
2026-06-05 09:31:20,419 [INFO] Сообщение от 219537573: '🇹🇷 Турция'
2026-06-05 09:31:22,157 [INFO] Сообщение от 219537573: '7 дней'
2026-06-05 09:31:24,057 [INFO] Сообщение от 219537573: '50-100 000 ₽'
2026-06-05 09:31:25,969 [INFO] Сообщение от 219537573: '⭐⭐⭐⭐⭐ 5 звезд'
2026-06-05 09:31:28,254 [INFO] Сообщение от 219537573: '❌ Нет'
2026-06-05 09:31:28,269 [INFO] Поиск сохранён: user=219537573 dest=Турция results=5
2026-06-05 12:39:13,956 [INFO] Сообщение от 219537573: '🏖 Подобрать тур'
2026-06-05 12:39:36,330 [INFO] Сообщение от 219537573: '🏖 Подобрать тур'
2026-06-05 12:40:23,898 [INFO] Сообщение от 219537573: '📄 Документы и визы'
2026-06-05 12:40:48,354 [INFO] Сообщение от 219537573: '🏖 Подобрать тур'
2026-06-05 14:39:11,345 [INFO] Сообщение от 219537573: '🔙 Главное меню'
2026-06-05 14:39:14,754 [INFO] Сообщение от 219537573: '📄 Документы и визы'
2026-06-05 14:39:20,084 [INFO] Сообщение от 219537573: '🏥 Страховка'
2026-06-10 00:15:26,365 [INFO] Запуск VK турагентство бота...
2026-06-10 00:15:26,380 [INFO] База данных инициализирована: bot_data.db
2026-06-10 00:15:27,186 [INFO] Бот успешно запущен и слушает события.
2026-06-10 00:16:25,370 [INFO] Сообщение от 219537573: '🔙 Главное меню'
2026-06-10 00:17:09,935 [INFO] Сообщение от 219537573: '🏖 Подобрать тур'
2026-06-10 00:17:42,043 [INFO] Сообщение от 219537573: '🇹🇷 Турция'
2026-06-10 00:17:44,245 [INFO] Сообщение от 219537573: '10 дней'
2026-06-10 00:17:45,613 [INFO] Сообщение от 219537573: 'до 50 000 ₽'
2026-06-10 00:17:47,549 [INFO] Сообщение от 219537573: '⭐⭐⭐⭐⭐ 5 звезд'
2026-06-10 00:17:49,476 [INFO] Сообщение от 219537573: '✅ Да'
2026-06-10 00:17:49,490 [INFO] Поиск сохранён: user=219537573 dest=Турция results=5
2026-06-10 00:18:34,408 [INFO] Сообщение от 219537573: '🏖 Подобрать тур'
2026-06-10 00:18:36,559 [INFO] Сообщение от 219537573: '🇹🇷 Турция'
2026-06-10 00:18:38,725 [INFO] Сообщение от 219537573: '10 дней'
2026-06-10 00:18:40,828 [INFO] Сообщение от 219537573: '50-100 000 ₽'
2026-06-10 00:18:42,960 [INFO] Сообщение от 219537573: '⭐⭐⭐⭐⭐ 5 звезд'
2026-06-10 00:18:44,792 [INFO] Сообщение от 219537573: '❌ Нет'
2026-06-10 00:18:44,805 [INFO] Поиск сохранён: user=219537573 dest=Турция results=2
2026-06-10 00:19:30,718 [INFO] Сообщение от 219537573: '📄 Документы и визы'
2026-06-22 17:43:19,756 [INFO] Запуск VK турагентство бота...
2026-06-22 17:43:19,822 [INFO] База данных инициализирована: bot_data.db
2026-06-22 17:43:20,567 [INFO] Бот успешно запущен и слушает события.
2026-06-22 17:43:45,193 [INFO] Сообщение от 450547187: '🏖 Подобрать тур'
